npm warn exec The following package was not found and will be installed: serve@14.2.5
 INFO  Accepting connections at http://localhost:3000
 HTTP  1/10/2026 6:43:17 PM ::1 GET /
 HTTP  1/10/2026 6:43:17 PM ::1 Returned 200 in 28 ms
 HTTP  1/10/2026 6:43:17 PM ::1 GET /_astro/ClientRouter.astro_astro_type_script_index_0_lang.CDGfc0hd.js
 HTTP  1/10/2026 6:43:17 PM ::1 Returned 200 in 4 ms
 HTTP  1/10/2026 6:43:17 PM ::1 GET /_astro/index.CPgs3nfP.css
 HTTP  1/10/2026 6:43:17 PM ::1 GET /_astro/_slug_.KcNmKVxV.css
 HTTP  1/10/2026 6:43:17 PM ::1 GET /_astro/index.BwwNrAnP.css
 HTTP  1/10/2026 6:43:17 PM ::1 GET /images/dna-face-400.webp
 HTTP  1/10/2026 6:43:17 PM ::1 GET /_astro/AiAdvisor.astro_astro_type_script_index_0_lang.DUvf-Bup.js
 HTTP  1/10/2026 6:43:17 PM ::1 GET /images/Transparent%20Logo.svg
 HTTP  1/10/2026 6:43:17 PM ::1 Returned 200 in 24 ms
 HTTP  1/10/2026 6:43:17 PM ::1 Returned 200 in 22 ms
 HTTP  1/10/2026 6:43:17 PM ::1 Returned 200 in 23 ms
 HTTP  1/10/2026 6:43:17 PM ::1 Returned 200 in 22 ms
 HTTP  1/10/2026 6:43:17 PM ::1 Returned 200 in 23 ms
 HTTP  1/10/2026 6:43:17 PM ::1 Returned 200 in 18 ms
 HTTP  1/10/2026 6:43:17 PM ::1 GET /images/Transparent-Logo-tmave.png
 HTTP  1/10/2026 6:43:17 PM ::1 Returned 200 in 6 ms
 HTTP  1/10/2026 6:43:17 PM ::1 GET /images/tatka-pise.webp
 HTTP  1/10/2026 6:43:17 PM ::1 GET /images/drevena-splet-400.webp
 HTTP  1/10/2026 6:43:17 PM ::1 GET /images/tatka_knihovna.webp
 HTTP  1/10/2026 6:43:17 PM ::1 Returned 200 in 8 ms
 HTTP  1/10/2026 6:43:17 PM ::1 Returned 200 in 7 ms
 HTTP  1/10/2026 6:43:17 PM ::1 Returned 200 in 6 ms
 HTTP  1/10/2026 6:43:18 PM ::1 GET /images/IT-podpora-400.webp
 HTTP  1/10/2026 6:43:18 PM ::1 GET /images/expatriace-400.webp
 HTTP  1/10/2026 6:43:18 PM ::1 GET /images/nemovitost-playa-400.webp
 HTTP  1/10/2026 6:43:18 PM ::1 GET /images/preklady-400.webp
 HTTP  1/10/2026 6:43:18 PM ::1 GET /images/lod-kontajner-400.webp
 HTTP  1/10/2026 6:43:18 PM ::1 Returned 200 in 15 ms
 HTTP  1/10/2026 6:43:18 PM ::1 Returned 200 in 14 ms
 HTTP  1/10/2026 6:43:18 PM ::1 Returned 200 in 14 ms
 HTTP  1/10/2026 6:43:18 PM ::1 Returned 200 in 14 ms
 HTTP  1/10/2026 6:43:18 PM ::1 Returned 200 in 20 ms
 HTTP  1/10/2026 6:43:20 PM ::1 GET /en/
 HTTP  1/10/2026 6:43:20 PM ::1 Returned 200 in 2 ms
 HTTP  1/10/2026 6:43:20 PM ::1 GET /_astro/ClientRouter.astro_astro_type_script_index_0_lang.CDGfc0hd.js
 HTTP  1/10/2026 6:43:20 PM ::1 Returned 304 in 2 ms
 HTTP  1/10/2026 6:43:20 PM ::1 GET /_astro/index.B14DZ1w5.css
 HTTP  1/10/2026 6:43:20 PM ::1 GET /_astro/index.CPgs3nfP.css
 HTTP  1/10/2026 6:43:20 PM ::1 GET /_astro/_slug_.KcNmKVxV.css
 HTTP  1/10/2026 6:43:20 PM ::1 GET /images/Transparent%20Logo.svg
 HTTP  1/10/2026 6:43:20 PM ::1 GET /images/Transparent-Logo-tmave.png
 HTTP  1/10/2026 6:43:20 PM ::1 Returned 304 in 6 ms
 HTTP  1/10/2026 6:43:20 PM ::1 Returned 304 in 6 ms
 HTTP  1/10/2026 6:43:20 PM ::1 Returned 304 in 5 ms
 HTTP  1/10/2026 6:43:20 PM ::1 Returned 304 in 3 ms
 HTTP  1/10/2026 6:43:20 PM ::1 GET /images/dna-face-400.webp
 HTTP  1/10/2026 6:43:20 PM ::1 Returned 304 in 0 ms
 HTTP  1/10/2026 6:43:20 PM ::1 Returned 200 in 10 ms
 HTTP  1/10/2026 6:43:20 PM ::1 GET /_astro/AiAdvisor.astro_astro_type_script_index_0_lang.DUvf-Bup.js
 HTTP  1/10/2026 6:43:20 PM ::1 GET /images/tatka-pise.webp
 HTTP  1/10/2026 6:43:20 PM ::1 GET /images/drevena-splet-400.webp
 HTTP  1/10/2026 6:43:20 PM ::1 GET /images/tatka_knihovna.webp
 HTTP  1/10/2026 6:43:20 PM ::1 Returned 304 in 3 ms
 HTTP  1/10/2026 6:43:20 PM ::1 Returned 304 in 3 ms
 HTTP  1/10/2026 6:43:20 PM ::1 Returned 304 in 3 ms
 HTTP  1/10/2026 6:43:20 PM ::1 Returned 304 in 2 ms
 HTTP  1/10/2026 6:43:20 PM ::1 GET /images/IT-podpora-400.webp
 HTTP  1/10/2026 6:43:20 PM ::1 GET /images/expatriace-400.webp
 HTTP  1/10/2026 6:43:20 PM ::1 GET /images/nemovitost-playa-400.webp
 HTTP  1/10/2026 6:43:20 PM ::1 GET /images/preklady-400.webp
 HTTP  1/10/2026 6:43:20 PM ::1 GET /images/lod-kontajner-400.webp
 HTTP  1/10/2026 6:43:20 PM ::1 Returned 304 in 2 ms
 HTTP  1/10/2026 6:43:20 PM ::1 Returned 304 in 2 ms
 HTTP  1/10/2026 6:43:20 PM ::1 Returned 304 in 2 ms
 HTTP  1/10/2026 6:43:20 PM ::1 Returned 304 in 2 ms
 HTTP  1/10/2026 6:43:20 PM ::1 Returned 304 in 2 ms
 HTTP  1/10/2026 6:43:22 PM ::1 GET /de/
 HTTP  1/10/2026 6:43:22 PM ::1 Returned 200 in 3 ms
 HTTP  1/10/2026 6:43:22 PM ::1 GET /_astro/ClientRouter.astro_astro_type_script_index_0_lang.CDGfc0hd.js
 HTTP  1/10/2026 6:43:22 PM ::1 GET /_astro/index.CPgs3nfP.css
 HTTP  1/10/2026 6:43:22 PM ::1 GET /_astro/_slug_.KcNmKVxV.css
 HTTP  1/10/2026 6:43:22 PM ::1 GET /_astro/index.B14DZ1w5.css
 HTTP  1/10/2026 6:43:22 PM ::1 GET /images/Transparent%20Logo.svg
 HTTP  1/10/2026 6:43:22 PM ::1 GET /images/Transparent-Logo-tmave.png
 HTTP  1/10/2026 6:43:22 PM ::1 Returned 304 in 11 ms
 HTTP  1/10/2026 6:43:22 PM ::1 Returned 304 in 11 ms
 HTTP  1/10/2026 6:43:22 PM ::1 Returned 304 in 11 ms
 HTTP  1/10/2026 6:43:22 PM ::1 Returned 304 in 6 ms
 HTTP  1/10/2026 6:43:22 PM ::1 Returned 304 in 7 ms
 HTTP  1/10/2026 6:43:22 PM ::1 Returned 304 in 6 ms
 HTTP  1/10/2026 6:43:22 PM ::1 GET /images/dna-face-400.webp
 HTTP  1/10/2026 6:43:22 PM ::1 Returned 304 in 2 ms
 HTTP  1/10/2026 6:43:22 PM ::1 GET /_astro/AiAdvisor.astro_astro_type_script_index_0_lang.DUvf-Bup.js
 HTTP  1/10/2026 6:43:22 PM ::1 GET /images/tatka-pise.webp
 HTTP  1/10/2026 6:43:22 PM ::1 GET /images/drevena-splet-400.webp
 HTTP  1/10/2026 6:43:22 PM ::1 GET /images/tatka_knihovna.webp
 HTTP  1/10/2026 6:43:22 PM ::1 Returned 304 in 3 ms
 HTTP  1/10/2026 6:43:22 PM ::1 Returned 304 in 2 ms
 HTTP  1/10/2026 6:43:22 PM ::1 Returned 304 in 4 ms
 HTTP  1/10/2026 6:43:22 PM ::1 Returned 304 in 4 ms
 HTTP  1/10/2026 6:43:22 PM ::1 GET /images/IT-podpora-400.webp
 HTTP  1/10/2026 6:43:22 PM ::1 GET /images/expatriace-400.webp
 HTTP  1/10/2026 6:43:22 PM ::1 GET /images/nemovitost-playa-400.webp
 HTTP  1/10/2026 6:43:22 PM ::1 GET /images/preklady-400.webp
 HTTP  1/10/2026 6:43:22 PM ::1 GET /images/lod-kontajner-400.webp
 HTTP  1/10/2026 6:43:22 PM ::1 Returned 304 in 8 ms
 HTTP  1/10/2026 6:43:22 PM ::1 Returned 304 in 6 ms
 HTTP  1/10/2026 6:43:22 PM ::1 Returned 304 in 6 ms
 HTTP  1/10/2026 6:43:22 PM ::1 Returned 304 in 10 ms
 HTTP  1/10/2026 6:43:22 PM ::1 Returned 304 in 10 ms
 HTTP  1/10/2026 6:43:23 PM ::1 GET /es/
 HTTP  1/10/2026 6:43:23 PM ::1 Returned 200 in 3 ms
 HTTP  1/10/2026 6:43:23 PM ::1 GET /_astro/ClientRouter.astro_astro_type_script_index_0_lang.CDGfc0hd.js
 HTTP  1/10/2026 6:43:23 PM ::1 Returned 304 in 2 ms
 HTTP  1/10/2026 6:43:23 PM ::1 GET /_astro/index.CPgs3nfP.css
 HTTP  1/10/2026 6:43:23 PM ::1 Returned 304 in 2 ms
 HTTP  1/10/2026 6:43:23 PM ::1 GET /_astro/_slug_.KcNmKVxV.css
 HTTP  1/10/2026 6:43:23 PM ::1 Returned 304 in 3 ms
 HTTP  1/10/2026 6:43:23 PM ::1 GET /_astro/index.B14DZ1w5.css
 HTTP  1/10/2026 6:43:23 PM ::1 GET /images/Transparent%20Logo.svg
 HTTP  1/10/2026 6:43:23 PM ::1 GET /images/Transparent-Logo-tmave.png
 HTTP  1/10/2026 6:43:23 PM ::1 GET /images/dna-face-400.webp
 HTTP  1/10/2026 6:43:23 PM ::1 GET /_astro/AiAdvisor.astro_astro_type_script_index_0_lang.DUvf-Bup.js
 HTTP  1/10/2026 6:43:23 PM ::1 Returned 304 in 4 ms
 HTTP  1/10/2026 6:43:23 PM ::1 Returned 304 in 3 ms
 HTTP  1/10/2026 6:43:23 PM ::1 Returned 304 in 3 ms
 HTTP  1/10/2026 6:43:23 PM ::1 GET /images/tatka-pise.webp
 HTTP  1/10/2026 6:43:23 PM ::1 Returned 304 in 11 ms
 HTTP  1/10/2026 6:43:23 PM ::1 Returned 304 in 12 ms
 HTTP  1/10/2026 6:43:23 PM ::1 GET /images/drevena-splet-400.webp
 HTTP  1/10/2026 6:43:23 PM ::1 GET /images/tatka_knihovna.webp
 HTTP  1/10/2026 6:43:23 PM ::1 Returned 304 in 5 ms
 HTTP  1/10/2026 6:43:23 PM ::1 Returned 304 in 3 ms
 HTTP  1/10/2026 6:43:23 PM ::1 Returned 304 in 2 ms
 HTTP  1/10/2026 6:43:23 PM ::1 GET /images/IT-podpora-400.webp
 HTTP  1/10/2026 6:43:23 PM ::1 GET /images/expatriace-400.webp
 HTTP  1/10/2026 6:43:23 PM ::1 GET /images/nemovitost-playa-400.webp
 HTTP  1/10/2026 6:43:23 PM ::1 Returned 304 in 5 ms
 HTTP  1/10/2026 6:43:23 PM ::1 Returned 304 in 5 ms
 HTTP  1/10/2026 6:43:23 PM ::1 Returned 304 in 4 ms
 HTTP  1/10/2026 6:43:23 PM ::1 GET /images/preklady-400.webp
 HTTP  1/10/2026 6:43:23 PM ::1 GET /images/lod-kontajner-400.webp
 HTTP  1/10/2026 6:43:23 PM ::1 Returned 304 in 5 ms
 HTTP  1/10/2026 6:43:23 PM ::1 Returned 304 in 2 ms
 HTTP  1/10/2026 6:43:24 PM ::1 GET /ru/
 HTTP  1/10/2026 6:43:24 PM ::1 Returned 200 in 2 ms
 HTTP  1/10/2026 6:43:25 PM ::1 GET /_astro/ClientRouter.astro_astro_type_script_index_0_lang.CDGfc0hd.js
 HTTP  1/10/2026 6:43:25 PM ::1 GET /_astro/index.CPgs3nfP.css
 HTTP  1/10/2026 6:43:25 PM ::1 GET /_astro/_slug_.KcNmKVxV.css
 HTTP  1/10/2026 6:43:25 PM ::1 GET /_astro/index.B14DZ1w5.css
 HTTP  1/10/2026 6:43:25 PM ::1 GET /images/Transparent%20Logo.svg
 HTTP  1/10/2026 6:43:25 PM ::1 GET /images/Transparent-Logo-tmave.png
 HTTP  1/10/2026 6:43:25 PM ::1 Returned 304 in 4 ms
 HTTP  1/10/2026 6:43:25 PM ::1 Returned 304 in 3 ms
 HTTP  1/10/2026 6:43:25 PM ::1 Returned 304 in 4 ms
 HTTP  1/10/2026 6:43:25 PM ::1 Returned 304 in 4 ms
 HTTP  1/10/2026 6:43:25 PM ::1 Returned 304 in 12 ms
 HTTP  1/10/2026 6:43:25 PM ::1 Returned 304 in 10 ms
 HTTP  1/10/2026 6:43:25 PM ::1 GET /images/dna-face-400.webp
 HTTP  1/10/2026 6:43:25 PM ::1 GET /_astro/AiAdvisor.astro_astro_type_script_index_0_lang.DUvf-Bup.js
 HTTP  1/10/2026 6:43:25 PM ::1 Returned 304 in 2 ms
 HTTP  1/10/2026 6:43:25 PM ::1 Returned 304 in 1 ms
 HTTP  1/10/2026 6:43:25 PM ::1 GET /images/tatka-pise.webp
 HTTP  1/10/2026 6:43:25 PM ::1 GET /images/drevena-splet-400.webp
 HTTP  1/10/2026 6:43:25 PM ::1 GET /images/tatka_knihovna.webp
 HTTP  1/10/2026 6:43:25 PM ::1 Returned 304 in 1 ms
 HTTP  1/10/2026 6:43:25 PM ::1 Returned 304 in 3 ms
 HTTP  1/10/2026 6:43:25 PM ::1 Returned 304 in 3 ms
 HTTP  1/10/2026 6:43:25 PM ::1 GET /images/IT-podpora-400.webp
 HTTP  1/10/2026 6:43:25 PM ::1 GET /images/expatriace-400.webp
 HTTP  1/10/2026 6:43:25 PM ::1 GET /images/nemovitost-playa-400.webp
 HTTP  1/10/2026 6:43:25 PM ::1 GET /images/preklady-400.webp
 HTTP  1/10/2026 6:43:25 PM ::1 GET /images/lod-kontajner-400.webp
 HTTP  1/10/2026 6:43:25 PM ::1 Returned 304 in 8 ms
 HTTP  1/10/2026 6:43:25 PM ::1 Returned 304 in 2 ms
 HTTP  1/10/2026 6:43:25 PM ::1 Returned 304 in 2 ms
 HTTP  1/10/2026 6:43:25 PM ::1 Returned 304 in 2 ms
 HTTP  1/10/2026 6:43:25 PM ::1 Returned 304 in 1 ms
 HTTP  1/10/2026 6:43:26 PM ::1 GET /en/
 HTTP  1/10/2026 6:43:26 PM ::1 Returned 304 in 1 ms
 HTTP  1/10/2026 6:43:26 PM ::1 GET /_astro/ClientRouter.astro_astro_type_script_index_0_lang.CDGfc0hd.js
 HTTP  1/10/2026 6:43:26 PM ::1 GET /_astro/index.CPgs3nfP.css
 HTTP  1/10/2026 6:43:26 PM ::1 GET /_astro/_slug_.KcNmKVxV.css
 HTTP  1/10/2026 6:43:26 PM ::1 GET /_astro/index.B14DZ1w5.css
 HTTP  1/10/2026 6:43:26 PM ::1 GET /images/Transparent%20Logo.svg
 HTTP  1/10/2026 6:43:26 PM ::1 GET /images/Transparent-Logo-tmave.png
 HTTP  1/10/2026 6:43:26 PM ::1 Returned 304 in 8 ms
 HTTP  1/10/2026 6:43:26 PM ::1 Returned 304 in 7 ms
 HTTP  1/10/2026 6:43:26 PM ::1 Returned 304 in 6 ms
 HTTP  1/10/2026 6:43:26 PM ::1 Returned 304 in 6 ms
 HTTP  1/10/2026 6:43:26 PM ::1 Returned 304 in 3 ms
 HTTP  1/10/2026 6:43:26 PM ::1 Returned 304 in 3 ms
 HTTP  1/10/2026 6:43:26 PM ::1 GET /images/dna-face-400.webp
 HTTP  1/10/2026 6:43:26 PM ::1 GET /_astro/AiAdvisor.astro_astro_type_script_index_0_lang.DUvf-Bup.js
 HTTP  1/10/2026 6:43:26 PM ::1 GET /images/tatka-pise.webp
 HTTP  1/10/2026 6:43:26 PM ::1 GET /images/drevena-splet-400.webp
 HTTP  1/10/2026 6:43:26 PM ::1 GET /images/tatka_knihovna.webp
 HTTP  1/10/2026 6:43:26 PM ::1 Returned 304 in 3 ms
 HTTP  1/10/2026 6:43:26 PM ::1 Returned 304 in 3 ms
 HTTP  1/10/2026 6:43:26 PM ::1 Returned 304 in 2 ms
 HTTP  1/10/2026 6:43:26 PM ::1 Returned 304 in 2 ms
 HTTP  1/10/2026 6:43:26 PM ::1 Returned 304 in 3 ms
 HTTP  1/10/2026 6:43:26 PM ::1 GET /images/IT-podpora-400.webp
 HTTP  1/10/2026 6:43:26 PM ::1 GET /images/expatriace-400.webp
 HTTP  1/10/2026 6:43:26 PM ::1 GET /images/nemovitost-playa-400.webp
 HTTP  1/10/2026 6:43:26 PM ::1 GET /images/preklady-400.webp
 HTTP  1/10/2026 6:43:26 PM ::1 GET /images/lod-kontajner-400.webp
 HTTP  1/10/2026 6:43:26 PM ::1 Returned 304 in 7 ms
 HTTP  1/10/2026 6:43:26 PM ::1 Returned 304 in 1 ms
 HTTP  1/10/2026 6:43:26 PM ::1 Returned 304 in 2 ms
 HTTP  1/10/2026 6:43:26 PM ::1 Returned 304 in 9 ms
 HTTP  1/10/2026 6:43:26 PM ::1 Returned 304 in 3 ms

 INFO  Gracefully shutting down. Please wait...
