
> major-matter@0.0.1 dev
> astro dev

▶ Astro collects anonymous usage data.
  This information helps us improve Astro.
  Run "astro telemetry disable" to opt-out.
  https://astro.build/telemetry

11:55:18 [types] Generated 1ms
11:55:19 [content] Syncing content
11:55:20 [content] Synced content

 astro  v5.16.8 ready in 2621 ms

┃ Local    http://localhost:4321/
┃ Network  use --host to expose

11:55:20 watching for file changes...
11:55:25 [200] / 199ms
11:55:26 [200] /_image 172ms
11:55:27 [200] /_image 43ms
11:55:28 [404] POST /api/ask-ai 14ms
11:55:29 [200] /cs/sluzby/analyza-dna 12ms
11:58:24 [watch] src/components/AiAdvisor.astro
11:58:36 [200] / 41ms
11:58:37 [200] /_image 243ms
11:58:38 [200] /_image 54ms
11:58:39 [404] POST /api/ask-ai 14ms
11:58:40 [200] /cs/sluzby/analyza-dna 10ms
